This is pdfTeX, Version 3.14159265-2.6-1.40.21 (TeX Live 2020) (preloaded format=pdflatex 2020.6.11)  19 JUN 2020 12:44
entering extended mode
 restricted \write18 enabled.
 %&-line parsing enabled.
**USGradAdmission.tex
(./USGradAdmission.tex
LaTeX2e <2020-02-02> patch level 5
L3 programming layer <2020-06-03> (/Users/aru/Library/TinyTeX/texmf-dist/tex/la
tex/base/article.cls
Document Class: article 2019/12/20 v1.4l Standard LaTeX document class
(/Users/aru/Library/TinyTeX/texmf-dist/tex/latex/base/size11.clo
File: size11.clo 2019/12/20 v1.4l Standard LaTeX file (size option)
)
\c@part=\count167
\c@section=\count168
\c@subsection=\count169
\c@subsubsection=\count170
\c@paragraph=\count171
\c@subparagraph=\count172
\c@figure=\count173
\c@table=\count174
\abovecaptionskip=\skip47
\belowcaptionskip=\skip48
\bibindent=\dimen134
) (/Users/aru/Library/TinyTeX/texmf-dist/tex/latex/geometry/geometry.sty
Package: geometry 2020/01/02 v5.9 Page Geometry
(/Users/aru/Library/TinyTeX/texmf-dist/tex/latex/graphics/keyval.sty
Package: keyval 2014/10/28 v1.15 key=value parser (DPC)
\KV@toks@=\toks15
) (/Users/aru/Library/TinyTeX/texmf-dist/tex/generic/iftex/ifvtex.sty
Package: ifvtex 2019/10/25 v1.7 ifvtex legacy package. Use iftex instead.
(/Users/aru/Library/TinyTeX/texmf-dist/tex/generic/iftex/iftex.sty
Package: iftex 2020/03/06 v1.0d TeX engine tests
))
\Gm@cnth=\count175
\Gm@cntv=\count176
\c@Gm@tempcnt=\count177
\Gm@bindingoffset=\dimen135
\Gm@wd@mp=\dimen136
\Gm@odd@mp=\dimen137
\Gm@even@mp=\dimen138
\Gm@layoutwidth=\dimen139
\Gm@layoutheight=\dimen140
\Gm@layouthoffset=\dimen141
\Gm@layoutvoffset=\dimen142
\Gm@dimlist=\toks16
) (/Users/aru/Library/TinyTeX/texmf-dist/tex/latex/psnfss/mathpazo.sty
Package: mathpazo 2020/03/25 PSNFSS-v9.3 Palatino w/ Pazo Math (D.Puga, WaS) 
\symupright=\mathgroup4
) (/Users/aru/Library/TinyTeX/texmf-dist/tex/latex/base/fontenc.sty
Package: fontenc 2020/02/11 v2.0o Standard LaTeX package
LaTeX Font Info:    Trying to load font information for T1+ppl on input line 11
2.
(/Users/aru/Library/TinyTeX/texmf-dist/tex/latex/psnfss/t1ppl.fd
File: t1ppl.fd 2001/06/04 font definitions for T1/ppl.
)) (/Users/aru/Library/TinyTeX/texmf-dist/tex/latex/base/inputenc.sty
Package: inputenc 2018/08/11 v1.3c Input encoding file
\inpenc@prehook=\toks17
\inpenc@posthook=\toks18
) (/Users/aru/Library/TinyTeX/texmf-dist/tex/latex/abstract/abstract.sty
Package: abstract 2009/06/08 v1.2a configurable abstracts
\abstitleskip=\skip49
\absleftindent=\skip50
\absrightindent=\skip51
\absparindent=\skip52
\absparsep=\skip53
) (/Users/aru/Library/TinyTeX/texmf-dist/tex/latex/graphics/color.sty
Package: color 2019/11/23 v1.2a Standard LaTeX Color (DPC)
(/Users/aru/Library/TinyTeX/texmf-dist/tex/latex/graphics-cfg/color.cfg
File: color.cfg 2016/01/02 v1.6 sample color configuration
)
Package color Info: Driver file: pdftex.def on input line 147.
(/Users/aru/Library/TinyTeX/texmf-dist/tex/latex/graphics-def/pdftex.def
File: pdftex.def 2018/01/08 v1.0l Graphics/color driver for pdftex
)) (/Users/aru/Library/TinyTeX/texmf-dist/tex/latex/fancyvrb/fancyvrb.sty
Package: fancyvrb 2020/05/03 v3.6 verbatim text (tvz,hv)
\FV@CodeLineNo=\count178
\FV@InFile=\read2
\FV@TabBox=\box45
\c@FancyVerbLine=\count179
\FV@StepNumber=\count180
\FV@OutFile=\write3
) (/Users/aru/Library/TinyTeX/texmf-dist/tex/latex/framed/framed.sty
Package: framed 2011/10/22 v 0.96: framed or shaded text with page breaks
\OuterFrameSep=\skip54
\fb@frw=\dimen143
\fb@frh=\dimen144
\FrameRule=\dimen145
\FrameSep=\dimen146
) (/Users/aru/Library/TinyTeX/texmf-dist/tex/latex/tools/longtable.sty
Package: longtable 2020/01/07 v4.13 Multi-page Table package (DPC)
\LTleft=\skip55
\LTright=\skip56
\LTpre=\skip57
\LTpost=\skip58
\LTchunksize=\count181
\LTcapwidth=\dimen147
\LT@head=\box46
\LT@firsthead=\box47
\LT@foot=\box48
\LT@lastfoot=\box49
\LT@cols=\count182
\LT@rows=\count183
\c@LT@tables=\count184
\c@LT@chunks=\count185
\LT@p@ftn=\toks19
) (/Users/aru/Library/TinyTeX/texmf-dist/tex/latex/booktabs/booktabs.sty
Package: booktabs 2020/01/12 v1.61803398 Publication quality tables
\heavyrulewidth=\dimen148
\lightrulewidth=\dimen149
\cmidrulewidth=\dimen150
\belowrulesep=\dimen151
\belowbottomsep=\dimen152
\aboverulesep=\dimen153
\abovetopsep=\dimen154
\cmidrulesep=\dimen155
\cmidrulekern=\dimen156
\defaultaddspace=\dimen157
\@cmidla=\count186
\@cmidlb=\count187
\@aboverulesep=\dimen158
\@belowrulesep=\dimen159
\@thisruleclass=\count188
\@lastruleclass=\count189
\@thisrulewidth=\dimen160
) (/Users/aru/Library/TinyTeX/texmf-dist/tex/latex/graphics/graphicx.sty
Package: graphicx 2019/11/30 v1.2a Enhanced LaTeX Graphics (DPC,SPQR)
(/Users/aru/Library/TinyTeX/texmf-dist/tex/latex/graphics/graphics.sty
Package: graphics 2019/11/30 v1.4a Standard LaTeX Graphics (DPC,SPQR)
(/Users/aru/Library/TinyTeX/texmf-dist/tex/latex/graphics/trig.sty
Package: trig 2016/01/03 v1.10 sin cos tan (DPC)
) (/Users/aru/Library/TinyTeX/texmf-dist/tex/latex/graphics-cfg/graphics.cfg
File: graphics.cfg 2016/06/04 v1.11 sample graphics configuration
)
Package graphics Info: Driver file: pdftex.def on input line 105.
)
\Gin@req@height=\dimen161
\Gin@req@width=\dimen162
) (/Users/aru/Library/TinyTeX/texmf-dist/tex/latex/grffile/grffile.sty
Package: grffile 2019/11/11 v2.1 Extended file name support for graphics (legac
y)
Package grffile Info: This package is an empty stub for compatibility on input 
line 40.
) (/Users/aru/Library/TinyTeX/texmf-dist/tex/latex/titlesec/titlesec.sty
Package: titlesec 2019/10/16 v2.13 Sectioning titles
\ttl@box=\box50
\beforetitleunit=\skip59
\aftertitleunit=\skip60
\ttl@plus=\dimen163
\ttl@minus=\dimen164
\ttl@toksa=\toks20
\titlewidth=\dimen165
\titlewidthlast=\dimen166
\titlewidthfirst=\dimen167
)
\c@hypothesis=\count190
(/Users/aru/Library/TinyTeX/texmf-dist/tex/latex/setspace/setspace.sty
Package: setspace 2011/12/19 v6.7a set line spacing
) (/Users/aru/Library/TinyTeX/texmf-dist/tex/latex/tools/array.sty
Package: array 2019/08/31 v2.4l Tabular extension package (FMi)
\col@sep=\dimen168
\ar@mcellbox=\box51
\extrarowheight=\dimen169
\NC@list=\toks21
\extratabsurround=\skip61
\backup@length=\skip62
\ar@cellbox=\box52
) (/Users/aru/Library/TinyTeX/texmf-dist/tex/latex/multirow/multirow.sty
Package: multirow 2019/05/31 v2.5 Span multiple rows of a table
\multirow@colwidth=\skip63
\multirow@cntb=\count191
\multirow@dima=\skip64
\bigstrutjot=\dimen170
) (/Users/aru/Library/TinyTeX/texmf-dist/tex/latex/wrapfig/wrapfig.sty
\wrapoverhang=\dimen171
\WF@size=\dimen172
\c@WF@wrappedlines=\count192
\WF@box=\box53
\WF@everypar=\toks22
Package: wrapfig 2003/01/31  v 3.6
) (/Users/aru/Library/TinyTeX/texmf-dist/tex/latex/float/float.sty
Package: float 2001/11/08 v1.3d Float enhancements (AL)
\c@float@type=\count193
\float@exts=\toks23
\float@box=\box54
\@float@everytoks=\toks24
\@floatcapt=\box55
) (/Users/aru/Library/TinyTeX/texmf-dist/tex/latex/colortbl/colortbl.sty
Package: colortbl 2020/01/04 v1.0e Color table columns (DPC)
\everycr=\toks25
\minrowclearance=\skip65
) (/Users/aru/Library/TinyTeX/texmf-dist/tex/latex/pdflscape/pdflscape.sty
Package: pdflscape 2019/12/05 v0.12 Display of landscape pages in PDF (HO)
(/Users/aru/Library/TinyTeX/texmf-dist/tex/latex/graphics/lscape.sty
Package: lscape 2000/10/22 v3.01 Landscape Pages (DPC)
)
Package pdflscape Info: Auto-detected driver: pdftex on input line 81.
) (/Users/aru/Library/TinyTeX/texmf-dist/tex/latex/tabu/tabu.sty
Package: tabu 2019/01/11 v2.9 - flexible LaTeX tabulars (FC+tabu-fixed)
(/Users/aru/Library/TinyTeX/texmf-dist/tex/latex/varwidth/varwidth.sty
Package: varwidth 2009/03/30 ver 0.92;  Variable-width minipages
\@vwid@box=\box56
\sift@deathcycles=\count194
\@vwid@loff=\dimen173
\@vwid@roff=\dimen174
)
\c@taburow=\count195
\tabu@nbcols=\count196
\tabu@cnt=\count197
\tabu@Xcol=\count198
\tabu@alloc=\count199
\tabu@nested=\count266
\tabu@target=\dimen175
\tabu@spreadtarget=\dimen176
\tabu@naturalX=\dimen177
\tabucolX=\dimen178
\tabu@Xsum=\dimen179
\extrarowdepth=\dimen180
\abovetabulinesep=\dimen181
\belowtabulinesep=\dimen182
\tabustrutrule=\dimen183
\tabu@thebody=\toks26
\tabu@footnotes=\toks27
\tabu@box=\box57
\tabu@arstrutbox=\box58
\tabu@hleads=\box59
\tabu@vleads=\box60
\tabu@cellskip=\skip66
)
(/Users/aru/Library/TinyTeX/texmf-dist/tex/latex/threeparttable/threeparttable.
sty
Package: threeparttable 2003/06/13  v 3.0
\@tempboxb=\box61
)
(/Users/aru/Library/TinyTeX/texmf-dist/tex/latex/threeparttablex/threeparttable
x.sty
Package: threeparttablex 2013/07/23 v0.3 by daleif
(/Users/aru/Library/TinyTeX/texmf-dist/tex/latex/environ/environ.sty
Package: environ 2014/05/04 v0.3 A new way to define environments
(/Users/aru/Library/TinyTeX/texmf-dist/tex/latex/trimspaces/trimspaces.sty
Package: trimspaces 2009/09/17 v1.1 Trim spaces around a token list
)
\@envbody=\toks28
)
\TPTL@width=\skip67
) (/Users/aru/Library/TinyTeX/texmf-dist/tex/generic/ulem/ulem.sty
\UL@box=\box62
\UL@hyphenbox=\box63
\UL@skip=\skip68
\UL@hook=\toks29
\UL@height=\dimen184
\UL@pe=\count267
\UL@pixel=\dimen185
\ULC@box=\box64
Package: ulem 2019/11/18
\ULdepth=\dimen186
) (/Users/aru/Library/TinyTeX/texmf-dist/tex/latex/makecell/makecell.sty
Package: makecell 2009/08/03 V0.1e Managing of Tab Column Heads and Cells
\rotheadsize=\dimen187
\c@nlinenum=\count268
\TeXr@lab=\toks30
) (/Users/aru/Library/TinyTeX/texmf-dist/tex/latex/xcolor/xcolor.sty
Package: xcolor 2016/05/11 v2.12 LaTeX color extensions (UK)
(/Users/aru/Library/TinyTeX/texmf-dist/tex/latex/graphics-cfg/color.cfg
File: color.cfg 2016/01/02 v1.6 sample color configuration
)
Package xcolor Info: Driver file: pdftex.def on input line 225.
LaTeX Info: Redefining \color on input line 709.
Package xcolor Info: Model `cmy' substituted by `cmy0' on input line 1348.
Package xcolor Info: Model `hsb' substituted by `rgb' on input line 1352.
Package xcolor Info: Model `RGB' extended on input line 1364.
Package xcolor Info: Model `HTML' substituted by `rgb' on input line 1366.
Package xcolor Info: Model `Hsb' substituted by `hsb' on input line 1367.
Package xcolor Info: Model `tHsb' substituted by `hsb' on input line 1368.
Package xcolor Info: Model `HSB' substituted by `hsb' on input line 1369.
Package xcolor Info: Model `Gray' substituted by `gray' on input line 1370.
Package xcolor Info: Model `wave' substituted by `hsb' on input line 1371.
) (/Users/aru/Library/TinyTeX/texmf-dist/tex/latex/hyperref/hyperref.sty
Package: hyperref 2020-05-15 v7.00e Hypertext links for LaTeX
(/Users/aru/Library/TinyTeX/texmf-dist/tex/generic/ltxcmds/ltxcmds.sty
Package: ltxcmds 2019/12/15 v1.24 LaTeX kernel commands for general use (HO)
) (/Users/aru/Library/TinyTeX/texmf-dist/tex/latex/pdftexcmds/pdftexcmds.sty
Package: pdftexcmds 2020-06-04 v0.32 Utility functions of pdfTeX for LuaTeX (HO
)
(/Users/aru/Library/TinyTeX/texmf-dist/tex/generic/infwarerr/infwarerr.sty
Package: infwarerr 2019/12/03 v1.5 Providing info/warning/error messages (HO)
)
Package pdftexcmds Info: \pdf@primitive is available.
Package pdftexcmds Info: \pdf@ifprimitive is available.
Package pdftexcmds Info: \pdfdraftmode found.
) (/Users/aru/Library/TinyTeX/texmf-dist/tex/generic/kvsetkeys/kvsetkeys.sty
Package: kvsetkeys 2019/12/15 v1.18 Key value parser (HO)
)
(/Users/aru/Library/TinyTeX/texmf-dist/tex/generic/kvdefinekeys/kvdefinekeys.st
y
Package: kvdefinekeys 2019-12-19 v1.6 Define keys (HO)
) (/Users/aru/Library/TinyTeX/texmf-dist/tex/generic/pdfescape/pdfescape.sty
Package: pdfescape 2019/12/09 v1.15 Implements pdfTeX's escape features (HO)
) (/Users/aru/Library/TinyTeX/texmf-dist/tex/latex/hycolor/hycolor.sty
Package: hycolor 2020-01-27 v1.10 Color options for hyperref/bookmark (HO)
) (/Users/aru/Library/TinyTeX/texmf-dist/tex/latex/letltxmacro/letltxmacro.sty
Package: letltxmacro 2019/12/03 v1.6 Let assignment for LaTeX macros (HO)
) (/Users/aru/Library/TinyTeX/texmf-dist/tex/latex/auxhook/auxhook.sty
Package: auxhook 2019-12-17 v1.6 Hooks for auxiliary files (HO)
) (/Users/aru/Library/TinyTeX/texmf-dist/tex/latex/kvoptions/kvoptions.sty
Package: kvoptions 2019/11/29 v3.13 Key value format for package options (HO)
)
\@linkdim=\dimen188
\Hy@linkcounter=\count269
\Hy@pagecounter=\count270
(/Users/aru/Library/TinyTeX/texmf-dist/tex/latex/hyperref/pd1enc.def
File: pd1enc.def 2020-05-15 v7.00e Hyperref: PDFDocEncoding definition (HO)
Now handling font encoding PD1 ...
... no UTF-8 mapping file for font encoding PD1
) (/Users/aru/Library/TinyTeX/texmf-dist/tex/generic/intcalc/intcalc.sty
Package: intcalc 2019/12/15 v1.3 Expandable calculations with integers (HO)
) (/Users/aru/Library/TinyTeX/texmf-dist/tex/generic/etexcmds/etexcmds.sty
Package: etexcmds 2019/12/15 v1.7 Avoid name clashes with e-TeX commands (HO)
)
\Hy@SavedSpaceFactor=\count271
Package hyperref Info: Option `draft' set `true' on input line 4338.
Package hyperref Info: Option `unicode' set `true' on input line 4338.
(/Users/aru/Library/TinyTeX/texmf-dist/tex/latex/hyperref/puenc.def
File: puenc.def 2020-05-15 v7.00e Hyperref: PDF Unicode definition (HO)
Now handling font encoding PU ...
... no UTF-8 mapping file for font encoding PU
)
Package hyperref Info: Hyper figures OFF on input line 4464.
Package hyperref Info: Link nesting OFF on input line 4469.
Package hyperref Info: Hyper index ON on input line 4472.
Package hyperref Info: Plain pages OFF on input line 4479.
Package hyperref Info: Backreferencing OFF on input line 4484.
Package hyperref Info: Implicit mode ON; LaTeX internals redefined.
Package hyperref Info: Bookmarks ON on input line 4717.
\c@Hy@tempcnt=\count272
(/Users/aru/Library/TinyTeX/texmf-dist/tex/latex/url/url.sty
\Urlmuskip=\muskip16
Package: url 2013/09/16  ver 3.4  Verb mode for urls, etc.
)
LaTeX Info: Redefining \url on input line 5076.
\XeTeXLinkMargin=\dimen189
(/Users/aru/Library/TinyTeX/texmf-dist/tex/generic/bitset/bitset.sty
Package: bitset 2019/12/09 v1.3 Handle bit-vector datatype (HO)
(/Users/aru/Library/TinyTeX/texmf-dist/tex/generic/bigintcalc/bigintcalc.sty
Package: bigintcalc 2019/12/15 v1.5 Expandable calculations on big integers (HO
)
))
\Fld@menulength=\count273
\Field@Width=\dimen190
\Fld@charsize=\dimen191
Package hyperref Info: Hyper figures OFF on input line 6347.
Package hyperref Info: Link nesting OFF on input line 6352.
Package hyperref Info: Hyper index ON on input line 6355.
Package hyperref Info: backreferencing OFF on input line 6362.
Package hyperref Info: Link coloring OFF on input line 6367.
Package hyperref Info: Link coloring with OCG OFF on input line 6372.
Package hyperref Info: PDF/A mode OFF on input line 6377.
LaTeX Info: Redefining \ref on input line 6417.
LaTeX Info: Redefining \pageref on input line 6421.
(/Users/aru/Library/TinyTeX/texmf-dist/tex/generic/atbegshi/atbegshi.sty
Package: atbegshi 2019/12/05 v1.19 At begin shipout hook (HO)
)
\Hy@abspage=\count274
\c@Item=\count275
\c@Hfootnote=\count276
)
Package hyperref Info: Driver (autodetected): hpdftex.
(/Users/aru/Library/TinyTeX/texmf-dist/tex/latex/hyperref/hpdftex.def
File: hpdftex.def 2020-05-15 v7.00e Hyperref driver for pdfTeX
(/Users/aru/Library/TinyTeX/texmf-dist/tex/latex/atveryend/atveryend.sty
Package: atveryend 2019-12-11 v1.11 Hooks at the very end of document (HO)
Package atveryend Info: \enddocument detected (standard20110627).
)
\Fld@listcount=\count277
\c@bookmark@seq@number=\count278

(/Users/aru/Library/TinyTeX/texmf-dist/tex/latex/rerunfilecheck/rerunfilecheck.
sty
Package: rerunfilecheck 2019/12/05 v1.9 Rerun checks for auxiliary files (HO)

(/Users/aru/Library/TinyTeX/texmf-dist/tex/generic/uniquecounter/uniquecounter.
sty
Package: uniquecounter 2019/12/15 v1.4 Provide unlimited unique counter (HO)
)
Package uniquecounter Info: New unique counter `rerunfilecheck' on input line 2
86.
)
\Hy@SectionHShift=\skip69
)
Package hyperref Info: Option `breaklinks' set `true' on input line 170.

Package hyperref Warning: Option `bookmarks' has already been used,
(hyperref)                setting the option has no effect on input line 170.

Package hyperref Info: Option `colorlinks' set `true' on input line 170.
(/Users/aru/Library/TinyTeX/texmf-dist/tex/latex/placeins/placeins.sty
Package: placeins 2005/04/18  v 2.2
)
(/Users/aru/Library/TinyTeX/texmf-dist/tex/latex/l3backend/l3backend-pdfmode.de
f
File: l3backend-pdfmode.def 2020-06-03 L3 backend support: PDF mode
\l__kernel_color_stack_int=\count279
\l__pdf_internal_box=\box65
) (./USGradAdmission.aux)
\openout1 = `USGradAdmission.aux'.

LaTeX Font Info:    Checking defaults for OML/cmm/m/it on input line 188.
LaTeX Font Info:    ... okay on input line 188.
LaTeX Font Info:    Checking defaults for OMS/cmsy/m/n on input line 188.
LaTeX Font Info:    ... okay on input line 188.
LaTeX Font Info:    Checking defaults for OT1/cmr/m/n on input line 188.
LaTeX Font Info:    ... okay on input line 188.
LaTeX Font Info:    Checking defaults for T1/cmr/m/n on input line 188.
LaTeX Font Info:    ... okay on input line 188.
LaTeX Font Info:    Checking defaults for TS1/cmr/m/n on input line 188.
LaTeX Font Info:    ... okay on input line 188.
LaTeX Font Info:    Checking defaults for OMX/cmex/m/n on input line 188.
LaTeX Font Info:    ... okay on input line 188.
LaTeX Font Info:    Checking defaults for U/cmr/m/n on input line 188.
LaTeX Font Info:    ... okay on input line 188.
LaTeX Font Info:    Checking defaults for PD1/pdf/m/n on input line 188.
LaTeX Font Info:    ... okay on input line 188.
LaTeX Font Info:    Checking defaults for PU/pdf/m/n on input line 188.
LaTeX Font Info:    ... okay on input line 188.
*geometry* driver: auto-detecting
*geometry* detected driver: pdftex
*geometry* verbose mode - [ preamble ] result:
* driver: pdftex
* paper: <default>
* layout: <same size as paper>
* layoutoffset:(h,v)=(0.0pt,0.0pt)
* modes: 
* h-part:(L,W,R)=(72.26999pt, 469.75502pt, 72.26999pt)
* v-part:(T,H,B)=(72.26999pt, 650.43001pt, 72.26999pt)
* \paperwidth=614.295pt
* \paperheight=794.96999pt
* \textwidth=469.75502pt
* \textheight=650.43001pt
* \oddsidemargin=0.0pt
* \evensidemargin=0.0pt
* \topmargin=-37.0pt
* \headheight=12.0pt
* \headsep=25.0pt
* \topskip=11.0pt
* \footskip=30.0pt
* \marginparwidth=59.0pt
* \marginparsep=10.0pt
* \columnsep=10.0pt
* \skip\footins=10.0pt plus 4.0pt minus 2.0pt
* \hoffset=0.0pt
* \voffset=0.0pt
* \mag=1000
* \@twocolumnfalse
* \@twosidefalse
* \@mparswitchfalse
* \@reversemarginfalse
* (1in=72.27pt=25.4mm, 1cm=28.453pt)

\big@size=\dimen192

(/Users/aru/Library/TinyTeX/texmf-dist/tex/latex/epstopdf-pkg/epstopdf-base.sty
Package: epstopdf-base 2020-01-24 v2.11 Base part for package epstopdf
(/Users/aru/Library/TinyTeX/texmf-dist/tex/latex/grfext/grfext.sty
Package: grfext 2019/12/03 v1.3 Manage graphics extensions (HO)
)
Package epstopdf-base Info: Redefining graphics rule for `.eps' on input line 4
85.
Package grfext Info: Graphics extension search list:
(grfext)             [.pdf,.png,.jpg,.mps,.jpeg,.jbig2,.jb2,.PDF,.PNG,.JPG,.JPE
G,.JBIG2,.JB2,.eps]
(grfext)             \AppendGraphicsExtensions on input line 504.
(/Users/aru/Library/TinyTeX/texmf-dist/tex/latex/latexconfig/epstopdf-sys.cfg
File: epstopdf-sys.cfg 2010/07/13 v1.3 Configuration of (r)epstopdf for TeX Liv
e
))
\AtBeginShipoutBox=\box66

Package hyperref Warning: Draft mode on.

Package hyperref Info: Link coloring ON on input line 188.
(/Users/aru/Library/TinyTeX/texmf-dist/tex/latex/hyperref/nameref.sty
Package: nameref 2019/09/16 v2.46 Cross-referencing by name of section
(/Users/aru/Library/TinyTeX/texmf-dist/tex/latex/refcount/refcount.sty
Package: refcount 2019/12/15 v3.6 Data extraction from label references (HO)
)
(/Users/aru/Library/TinyTeX/texmf-dist/tex/generic/gettitlestring/gettitlestrin
g.sty
Package: gettitlestring 2019/12/15 v1.6 Cleanup title references (HO)
)
\c@section@level=\count280
)
LaTeX Info: Redefining \ref on input line 188.
LaTeX Info: Redefining \pageref on input line 188.
LaTeX Info: Redefining \nameref on input line 188.
LaTeX Font Info:    Calculating math sizes for size <18> on input line 199.
LaTeX Font Info:    Trying to load font information for OT1+ppl on input line 1
99.
(/Users/aru/Library/TinyTeX/texmf-dist/tex/latex/psnfss/ot1ppl.fd
File: ot1ppl.fd 2001/06/04 font definitions for OT1/ppl.
)
LaTeX Font Info:    Trying to load font information for OML+zplm on input line 
199.
(/Users/aru/Library/TinyTeX/texmf-dist/tex/latex/psnfss/omlzplm.fd
File: omlzplm.fd 2002/09/08 Fontinst v1.914 font definitions for OML/zplm.
)
LaTeX Font Info:    Trying to load font information for OMS+zplm on input line 
199.
(/Users/aru/Library/TinyTeX/texmf-dist/tex/latex/psnfss/omszplm.fd
File: omszplm.fd 2002/09/08 Fontinst v1.914 font definitions for OMS/zplm.
)
LaTeX Font Info:    Trying to load font information for OMX+zplm on input line 
199.
(/Users/aru/Library/TinyTeX/texmf-dist/tex/latex/psnfss/omxzplm.fd
File: omxzplm.fd 2002/09/08 Fontinst v1.914 font definitions for OMX/zplm.
)
LaTeX Font Info:    Trying to load font information for OT1+zplm on input line 
199.
(/Users/aru/Library/TinyTeX/texmf-dist/tex/latex/psnfss/ot1zplm.fd
File: ot1zplm.fd 2002/09/08 Fontinst v1.914 font definitions for OT1/zplm.
)
LaTeX Font Info:    Trying to load font information for TS1+ppl on input line 1
99.
(/Users/aru/Library/TinyTeX/texmf-dist/tex/latex/psnfss/ts1ppl.fd
File: ts1ppl.fd 2001/06/04 font definitions for TS1/ppl.
)
LaTeX Font Info:    Trying to load font information for T1+phv on input line 20
4.
(/Users/aru/Library/TinyTeX/texmf-dist/tex/latex/psnfss/t1phv.fd
File: t1phv.fd 2020/03/25 scalable font definitions for T1/phv.
) (./USGradAdmission.toc)
\tf@toc=\write4
\openout4 = `USGradAdmission.toc'.

[1

{/Users/aru/Library/TinyTeX/texmf-var/fonts/map/pdftex/updmap/pdftex.map}]

Package xcolor Warning: Incompatible color definition on input line 295.

LaTeX Font Info:    Trying to load font information for T1+cmtt on input line 2
96.
(/Users/aru/Library/TinyTeX/texmf-dist/tex/latex/base/t1cmtt.fd
File: t1cmtt.fd 2019/12/16 v2.5j Standard LaTeX font definitions
)
LaTeX Font Info:    Font shape `T1/cmtt/bx/n' in size <10.95> not available
(Font)              Font shape `T1/cmtt/m/n' tried instead on input line 297.

Package xcolor Warning: Incompatible color definition on input line 301.


Package xcolor Warning: Incompatible color definition on input line 301.


Package xcolor Warning: Incompatible color definition on input line 317.


Package xcolor Warning: Incompatible color definition on input line 321.


Package xcolor Warning: Incompatible color definition on input line 321.


Package xcolor Warning: Incompatible color definition on input line 327.


Package xcolor Warning: Incompatible color definition on input line 331.


Package xcolor Warning: Incompatible color definition on input line 331.

[2]

Package xcolor Warning: Incompatible color definition on input line 348.


Package xcolor Warning: Incompatible color definition on input line 352.


Package xcolor Warning: Incompatible color definition on input line 352.


Package xcolor Warning: Incompatible color definition on input line 358.


Package xcolor Warning: Incompatible color definition on input line 362.


Package xcolor Warning: Incompatible color definition on input line 362.


Package xcolor Warning: Incompatible color definition on input line 388.


Package xcolor Warning: Incompatible color definition on input line 392.


Package xcolor Warning: Incompatible color definition on input line 392.

<USGradAdmission_files/figure-latex/unnamed-chunk-3-1.pdf, id=15, 469.755pt x 3
25.215pt>
File: USGradAdmission_files/figure-latex/unnamed-chunk-3-1.pdf Graphic file (ty
pe pdf)
<use USGradAdmission_files/figure-latex/unnamed-chunk-3-1.pdf>
Package pdftex.def Info: USGradAdmission_files/figure-latex/unnamed-chunk-3-1.p
df  used on input line 398.
(pdftex.def)             Requested size: 469.75386pt x 325.2142pt.

Overfull \hbox (16.99884pt too wide) in paragraph at lines 398--399
[][] 
 []


Package xcolor Warning: Incompatible color definition on input line 400.

[3]

Package xcolor Warning: Incompatible color definition on input line 406.


Package xcolor Warning: Incompatible color definition on input line 406.

<USGradAdmission_files/figure-latex/unnamed-chunk-3-2.pdf, id=19, 469.755pt x 3
25.215pt>
File: USGradAdmission_files/figure-latex/unnamed-chunk-3-2.pdf Graphic file (ty
pe pdf)
<use USGradAdmission_files/figure-latex/unnamed-chunk-3-2.pdf>
Package pdftex.def Info: USGradAdmission_files/figure-latex/unnamed-chunk-3-2.p
df  used on input line 408.
(pdftex.def)             Requested size: 469.75386pt x 325.2142pt.

Overfull \hbox (16.99884pt too wide) in paragraph at lines 408--409
[][] 
 []


Package xcolor Warning: Incompatible color definition on input line 410.

[4 <./USGradAdmission_files/figure-latex/unnamed-chunk-3-1.pdf>]

Package xcolor Warning: Incompatible color definition on input line 417.


Package xcolor Warning: Incompatible color definition on input line 417.

<USGradAdmission_files/figure-latex/unnamed-chunk-3-3.pdf, id=28, 469.755pt x 3
25.215pt>
File: USGradAdmission_files/figure-latex/unnamed-chunk-3-3.pdf Graphic file (ty
pe pdf)
<use USGradAdmission_files/figure-latex/unnamed-chunk-3-3.pdf>
Package pdftex.def Info: USGradAdmission_files/figure-latex/unnamed-chunk-3-3.p
df  used on input line 419.
(pdftex.def)             Requested size: 469.75386pt x 325.2142pt.

Overfull \hbox (16.99884pt too wide) in paragraph at lines 419--420
[][] 
 []

[5 <./USGradAdmission_files/figure-latex/unnamed-chunk-3-2.pdf>]

Package xcolor Warning: Incompatible color definition on input line 435.


Package xcolor Warning: Incompatible color definition on input line 439.


Package xcolor Warning: Incompatible color definition on input line 439.


Package xcolor Warning: Incompatible color definition on input line 445.


Package xcolor Warning: Incompatible color definition on input line 467.


Package xcolor Warning: Incompatible color definition on input line 467.


Package xcolor Warning: Incompatible color definition on input line 467.

[6 <./USGradAdmission_files/figure-latex/unnamed-chunk-3-3.pdf>]

Package xcolor Warning: Incompatible color definition on input line 467.


Package xcolor Warning: Incompatible color definition on input line 467.


Package xcolor Warning: Incompatible color definition on input line 494.


Package xcolor Warning: Incompatible color definition on input line 501.


Package xcolor Warning: Incompatible color definition on input line 501.

<USGradAdmission_files/figure-latex/unnamed-chunk-5-1.pdf, id=49, 469.755pt x 3
25.215pt>
File: USGradAdmission_files/figure-latex/unnamed-chunk-5-1.pdf Graphic file (ty
pe pdf)
<use USGradAdmission_files/figure-latex/unnamed-chunk-5-1.pdf>
Package pdftex.def Info: USGradAdmission_files/figure-latex/unnamed-chunk-5-1.p
df  used on input line 503.
(pdftex.def)             Requested size: 469.75386pt x 325.2142pt.

Overfull \hbox (16.99884pt too wide) in paragraph at lines 503--504
[][] 
 []


Package xcolor Warning: Incompatible color definition on input line 505.

[7]

Package xcolor Warning: Incompatible color definition on input line 510.


Package xcolor Warning: Incompatible color definition on input line 510.

<USGradAdmission_files/figure-latex/unnamed-chunk-5-2.pdf, id=54, 469.755pt x 3
25.215pt>
File: USGradAdmission_files/figure-latex/unnamed-chunk-5-2.pdf Graphic file (ty
pe pdf)
<use USGradAdmission_files/figure-latex/unnamed-chunk-5-2.pdf>
Package pdftex.def Info: USGradAdmission_files/figure-latex/unnamed-chunk-5-2.p
df  used on input line 512.
(pdftex.def)             Requested size: 469.75386pt x 325.2142pt.

Overfull \hbox (16.99884pt too wide) in paragraph at lines 512--513
[][] 
 []

[8 <./USGradAdmission_files/figure-latex/unnamed-chunk-5-1.pdf>]

Package xcolor Warning: Incompatible color definition on input line 526.


Package xcolor Warning: Incompatible color definition on input line 533.


Package xcolor Warning: Incompatible color definition on input line 533.

<USGradAdmission_files/figure-latex/unnamed-chunk-6-1.pdf, id=64, 469.755pt x 3
25.215pt>
File: USGradAdmission_files/figure-latex/unnamed-chunk-6-1.pdf Graphic file (ty
pe pdf)
<use USGradAdmission_files/figure-latex/unnamed-chunk-6-1.pdf>
Package pdftex.def Info: USGradAdmission_files/figure-latex/unnamed-chunk-6-1.p
df  used on input line 535.
(pdftex.def)             Requested size: 469.75386pt x 325.2142pt.

Overfull \hbox (16.99884pt too wide) in paragraph at lines 535--536
[][] 
 []


Package xcolor Warning: Incompatible color definition on input line 537.

[9 <./USGradAdmission_files/figure-latex/unnamed-chunk-5-2.pdf>]

Package xcolor Warning: Incompatible color definition on input line 545.


Package xcolor Warning: Incompatible color definition on input line 545.

<USGradAdmission_files/figure-latex/unnamed-chunk-6-2.pdf, id=73, 469.755pt x 3
25.215pt>
File: USGradAdmission_files/figure-latex/unnamed-chunk-6-2.pdf Graphic file (ty
pe pdf)
<use USGradAdmission_files/figure-latex/unnamed-chunk-6-2.pdf>
Package pdftex.def Info: USGradAdmission_files/figure-latex/unnamed-chunk-6-2.p
df  used on input line 547.
(pdftex.def)             Requested size: 469.75386pt x 325.2142pt.

Overfull \hbox (16.99884pt too wide) in paragraph at lines 547--548
[][] 
 []


Package xcolor Warning: Incompatible color definition on input line 549.

[10 <./USGradAdmission_files/figure-latex/unnamed-chunk-6-1.pdf>]

Package xcolor Warning: Incompatible color definition on input line 556.


Package xcolor Warning: Incompatible color definition on input line 556.

<USGradAdmission_files/figure-latex/unnamed-chunk-6-3.pdf, id=82, 469.755pt x 3
25.215pt>
File: USGradAdmission_files/figure-latex/unnamed-chunk-6-3.pdf Graphic file (ty
pe pdf)
<use USGradAdmission_files/figure-latex/unnamed-chunk-6-3.pdf>
Package pdftex.def Info: USGradAdmission_files/figure-latex/unnamed-chunk-6-3.p
df  used on input line 558.
(pdftex.def)             Requested size: 469.75386pt x 325.2142pt.

Overfull \hbox (16.99884pt too wide) in paragraph at lines 558--559
[][] 
 []

[11 <./USGradAdmission_files/figure-latex/unnamed-chunk-6-2.pdf>]

Package xcolor Warning: Incompatible color definition on input line 572.


Package xcolor Warning: Incompatible color definition on input line 577.


Package xcolor Warning: Incompatible color definition on input line 577.


Package xcolor Warning: Incompatible color definition on input line 583.


Package xcolor Warning: Incompatible color definition on input line 591.


Package xcolor Warning: Incompatible color definition on input line 591.

[12 <./USGradAdmission_files/figure-latex/unnamed-chunk-6-3.pdf>]

Package xcolor Warning: Incompatible color definition on input line 609.


Package xcolor Warning: Incompatible color definition on input line 614.


Package xcolor Warning: Incompatible color definition on input line 614.


Package xcolor Warning: Incompatible color definition on input line 640.


Package xcolor Warning: Incompatible color definition on input line 644.


Package xcolor Warning: Incompatible color definition on input line 644.


Package xcolor Warning: Incompatible color definition on input line 658.


Package xcolor Warning: Incompatible color definition on input line 667.


Package xcolor Warning: Incompatible color definition on input line 667.

[13]

Package xcolor Warning: Incompatible color definition on input line 684.


Package xcolor Warning: Incompatible color definition on input line 705.


Package xcolor Warning: Incompatible color definition on input line 705.


Package xcolor Warning: Incompatible color definition on input line 710.


Package xcolor Warning: Incompatible color definition on input line 716.


Package xcolor Warning: Incompatible color definition on input line 716.


Package xcolor Warning: Incompatible color definition on input line 722.


Package xcolor Warning: Incompatible color definition on input line 726.


Package xcolor Warning: Incompatible color definition on input line 726.

[14]

Package xcolor Warning: Incompatible color definition on input line 763.


Package xcolor Warning: Incompatible color definition on input line 769.


Package xcolor Warning: Incompatible color definition on input line 769.

[15]

Package xcolor Warning: Incompatible color definition on input line 799.


Package xcolor Warning: Incompatible color definition on input line 820.


Package xcolor Warning: Incompatible color definition on input line 820.


Overfull \hbox (288.46669pt too wide) in paragraph at lines 848--848
[]\T1/cmtt/m/n/10.95 ## [12:44:33] WARNING: amalgamation/../src/objective/regre
ssion_obj.cu:170: reg:linear is now deprecated in favor of reg:squarederror.[] 

 []


Overfull \hbox (45.15674pt too wide) in paragraph at lines 848--848
[]\T1/cmtt/m/n/10.95 ##   This may not be accurate due to some parameters are o
nly used in language bindings but[] 
 []


Overfull \hbox (28.18163pt too wide) in paragraph at lines 848--848
[]\T1/cmtt/m/n/10.95 ##   passed down to XGBoost core.  Or some parameters are 
not used but slip through this[] 
 []


Overfull \hbox (175.29927pt too wide) in paragraph at lines 848--848
[]\T1/cmtt/m/n/10.95 ## 1 package is needed for this model and is not installed
. (elasticnet). Would you like to try to install it now?[] 
 []


Package xcolor Warning: Incompatible color definition on input line 850.

[16]

Package xcolor Warning: Incompatible color definition on input line 854.


Package xcolor Warning: Incompatible color definition on input line 854.


Package xcolor Warning: Incompatible color definition on input line 902.

[17]

Package xcolor Warning: Incompatible color definition on input line 906.


Package xcolor Warning: Incompatible color definition on input line 906.


Package xcolor Warning: Incompatible color definition on input line 928.


Package xcolor Warning: Incompatible color definition on input line 932.


Package xcolor Warning: Incompatible color definition on input line 932.


Package xcolor Warning: Incompatible color definition on input line 955.


Package xcolor Warning: Incompatible color definition on input line 959.


Package xcolor Warning: Incompatible color definition on input line 959.

[18]

Package xcolor Warning: Incompatible color definition on input line 987.


Package xcolor Warning: Incompatible color definition on input line 991.


Package xcolor Warning: Incompatible color definition on input line 991.


Package xcolor Warning: Incompatible color definition on input line 1013.


Package xcolor Warning: Incompatible color definition on input line 1018.


Package xcolor Warning: Incompatible color definition on input line 1018.

[19]

Package xcolor Warning: Incompatible color definition on input line 1031.


Package xcolor Warning: Incompatible color definition on input line 1035.


Package xcolor Warning: Incompatible color definition on input line 1035.


Package xcolor Warning: Incompatible color definition on input line 1052.


Package xcolor Warning: Incompatible color definition on input line 1073.


Package xcolor Warning: Incompatible color definition on input line 1073.


Package xcolor Warning: Incompatible color definition on input line 1078.


Package xcolor Warning: Incompatible color definition on input line 1092.


Package xcolor Warning: Incompatible color definition on input line 1092.


Package xcolor Warning: Incompatible color definition on input line 1092.

[20]

Package xcolor Warning: Incompatible color definition on input line 1092.


Package xcolor Warning: Incompatible color definition on input line 1092.


Package xcolor Warning: Incompatible color definition on input line 1113.


Package xcolor Warning: Incompatible color definition on input line 1117.


Package xcolor Warning: Incompatible color definition on input line 1117.

<USGradAdmission_files/figure-latex/unnamed-chunk-14-1.pdf, id=125, 469.755pt x
 325.215pt>
File: USGradAdmission_files/figure-latex/unnamed-chunk-14-1.pdf Graphic file (t
ype pdf)
<use USGradAdmission_files/figure-latex/unnamed-chunk-14-1.pdf>
Package pdftex.def Info: USGradAdmission_files/figure-latex/unnamed-chunk-14-1.
pdf  used on input line 1119.
(pdftex.def)             Requested size: 469.75386pt x 325.2142pt.

Overfull \hbox (16.99884pt too wide) in paragraph at lines 1119--1120
[][] 
 []


Package xcolor Warning: Incompatible color definition on input line 1121.

[21]

Package xcolor Warning: Incompatible color definition on input line 1128.


Package xcolor Warning: Incompatible color definition on input line 1128.

<USGradAdmission_files/figure-latex/unnamed-chunk-15-1.pdf, id=129, 469.755pt x
 325.215pt>
File: USGradAdmission_files/figure-latex/unnamed-chunk-15-1.pdf Graphic file (t
ype pdf)
<use USGradAdmission_files/figure-latex/unnamed-chunk-15-1.pdf>
Package pdftex.def Info: USGradAdmission_files/figure-latex/unnamed-chunk-15-1.
pdf  used on input line 1130.
(pdftex.def)             Requested size: 469.75386pt x 325.2142pt.

Overfull \hbox (16.99884pt too wide) in paragraph at lines 1130--1132
[][]
 []

[22 <./USGradAdmission_files/figure-latex/unnamed-chunk-14-1.pdf>]

Package xcolor Warning: Incompatible color definition on input line 1133.


Package xcolor Warning: Incompatible color definition on input line 1140.


Package xcolor Warning: Incompatible color definition on input line 1140.


Package xcolor Warning: Incompatible color definition on input line 1156.


Package xcolor Warning: Incompatible color definition on input line 1160.


Package xcolor Warning: Incompatible color definition on input line 1160.

<USGradAdmission_files/figure-latex/unnamed-chunk-16-1.pdf, id=138, 469.755pt x
 325.215pt>
File: USGradAdmission_files/figure-latex/unnamed-chunk-16-1.pdf Graphic file (t
ype pdf)
<use USGradAdmission_files/figure-latex/unnamed-chunk-16-1.pdf>
Package pdftex.def Info: USGradAdmission_files/figure-latex/unnamed-chunk-16-1.
pdf  used on input line 1166.
(pdftex.def)             Requested size: 469.75386pt x 325.2142pt.

Overfull \hbox (16.99884pt too wide) in paragraph at lines 1166--1167
[][] 
 []

[23 <./USGradAdmission_files/figure-latex/unnamed-chunk-15-1.pdf>]

Package xcolor Warning: Incompatible color definition on input line 1177.


Package xcolor Warning: Incompatible color definition on input line 1189.


Package xcolor Warning: Incompatible color definition on input line 1189.


Overfull \hbox (288.46669pt too wide) in paragraph at lines 1193--1193
[]\T1/cmtt/m/n/10.95 ## [12:44:42] WARNING: amalgamation/../src/objective/regre
ssion_obj.cu:170: reg:linear is now deprecated in favor of reg:squarederror.[] 

 []


Package xcolor Warning: Incompatible color definition on input line 1195.


Package xcolor Warning: Incompatible color definition on input line 1201.


Package xcolor Warning: Incompatible color definition on input line 1201.


Package xcolor Warning: Incompatible color definition on input line 1208.

[24 <./USGradAdmission_files/figure-latex/unnamed-chunk-16-1.pdf>]

Package xcolor Warning: Incompatible color definition on input line 1214.


Package xcolor Warning: Incompatible color definition on input line 1214.

[25]
Package atveryend Info: Empty hook `BeforeClearDocument' on input line 1241.
Package atveryend Info: Empty hook `AfterLastShipout' on input line 1241.
(./USGradAdmission.aux)
Package atveryend Info: Executing hook `AtVeryEndDocument' on input line 1241.
Package atveryend Info: Empty hook `AtEndAfterFileList' on input line 1241.
Package atveryend Info: Empty hook `AtVeryVeryEnd' on input line 1241.
 ) 
Here is how much of TeX's memory you used:
 11878 strings out of 482426
 174743 string characters out of 5944454
 435228 words of memory out of 5000000
 27409 multiletter control sequences out of 15000+600000
 568544 words of font info for 97 fonts, out of 8000000 for 9000
 14 hyphenation exceptions out of 8191
 34i,6n,37p,396b,458s stack positions out of 5000i,500n,10000p,200000b,80000s
 </Users/aru/Library/TinyTeX/texmf-var/fonts/pk/ljfour/jknappen/ec/ecit1095.6
00pk> </Users/aru/Library/TinyTeX/texmf-var/fonts/pk/ljfour/jknappen/ec/ectt109
5.600pk>{/Users/aru/Library/TinyTeX/texmf-dist/fonts/enc/dvips/base/8r.enc}</Us
ers/aru/Library/TinyTeX/texmf-dist/fonts/type1/urw/helvetic/uhvb8a.pfb></Users/
aru/Library/TinyTeX/texmf-dist/fonts/type1/urw/palatino/uplb8a.pfb></Users/aru/
Library/TinyTeX/texmf-dist/fonts/type1/urw/palatino/uplr8a.pfb></Users/aru/Libr
ary/TinyTeX/texmf-dist/fonts/type1/urw/palatino/uplri8a.pfb>
Output written on USGradAdmission.pdf (25 pages, 250430 bytes).
PDF statistics:
 329 PDF objects out of 1000 (max. 8388607)
 127 compressed objects within 2 object streams
 0 named destinations out of 1000 (max. 500000)
 56 words of extra memory for PDF output out of 10000 (max. 10000000)

